<?xml version="1.0" encoding="UTF-8"?>
<!-- Generated by org.testng.reporters.JUnitReportReporter -->
<testsuite skipped="0" hostname="DEV008" name="com.vogella.maven1.Add.AddMethodTest" tests="1" failures="0" timestamp="2019-11-20T11:13:13 IST" time="0.016" errors="0">
  <testcase name="TestCase1" time="0.016" classname="com.vogella.maven1.Add.AddMethodTest"/>
</testsuite> <!-- com.vogella.maven1.Add.AddMethodTest -->
